{"name": "test_a", "status": "broken", "statusDetails": {"message": "selenium.common.exceptions.NoSuchElementException: Message: no such element: Unable to locate element: {\"method\":\"css selector\",\"selector\":\".ShowType40-module__content___CWmch\"}\n  (Session info: chrome=125.0.6422.141); For documentation on this error, please visit: https://www.selenium.dev/documentation/webdriver/troubleshooting/errors#no-such-element-exception\nStacktrace:\n\tGetHandleVerifier [0x00007FF6D21A1F52+60322]\n\t(No symbol) [0x00007FF6D211CEC9]\n\t(No symbol) [0x00007FF6D1FD7EBA]\n\t(No symbol) [0x00007FF6D2027676]\n\t(No symbol) [0x00007FF6D202773C]\n\t(No symbol) [0x00007FF6D206E967]\n\t(No symbol) [0x00007FF6D204C25F]\n\t(No symbol) [0x00007FF6D206BC80]\n\t(No symbol) [0x00007FF6D204BFC3]\n\t(No symbol) [0x00007FF6D2019617]\n\t(No symbol) [0x00007FF6D201A211]\n\tGetHandleVerifier [0x00007FF6D24B94AD+3301629]\n\tGetHandleVerifier [0x00007FF6D25036D3+3605283]\n\tGetHandleVerifier [0x00007FF6D24F9450+3563680]\n\tGetHandleVerifier [0x00007FF6D2254326+790390]\n\t(No symbol) [0x00007FF6D212750F]\n\t(No symbol) [0x00007FF6D2123404]\n\t(No symbol) [0x00007FF6D2123592]\n\t(No symbol) [0x00007FF6D2112F9F]\n\tBaseThreadInitThunk [0x00007FFCE4457344+20]\n\tRtlUserThreadStart [0x00007FFCE48826B1+33]", "trace": "def test_a():\n        global thread\n        a = miaoxiang(0.4,3,'test.xlsx','//*[@id=\"root\"]/div/article/main/div/main/article/section[1]/main/div[1]/div')\n>       a.test_round()\n\ntest_miaoxiang_auto.py:9: \n_ _ _ _ _ _ _ _ _ _ _ _ _ _ _ _ _ _ _ _ _ _ _ _ _ _ _ _ _ _ _ _ _ _ _ _ _ _ _ _ _ _ _ _ _ _ _ _ _ _ _ _ _ _ _ _ _ _ _ _ _ _ _ _ _ _ _ _ _ _ _ _ _ _ _ _ _ _ _ _ _ _ _ _ _ _ _ _ _ _ _ _ _ _ _ _ _ _ _ _ _ _ _ _ _ _ _ _ _ _ _ _ _ _ _ _ _ _ \nmodule.py:214: in test_round\n    self.test_get_text_answer()\nmodule.py:169: in test_get_text_answer\n    text_answer = self.driver.find_element(By.CLASS_NAME,text_answer_class_name)\nC:\\Users\\Administrator\\AppData\\Local\\Programs\\Python\\Python311\\Lib\\site-packages\\selenium\\webdriver\\remote\\webdriver.py:741: in find_element\n    return self.execute(Command.FIND_ELEMENT, {\"using\": by, \"value\": value})[\"value\"]\nC:\\Users\\Administrator\\AppData\\Local\\Programs\\Python\\Python311\\Lib\\site-packages\\selenium\\webdriver\\remote\\webdriver.py:347: in execute\n    self.error_handler.check_response(response)\n_ _ _ _ _ _ _ _ _ _ _ _ _ _ _ _ _ _ _ _ _ _ _ _ _ _ _ _ _ _ _ _ _ _ _ _ _ _ _ _ _ _ _ _ _ _ _ _ _ _ _ _ _ _ _ _ _ _ _ _ _ _ _ _ _ _ _ _ _ _ _ _ _ _ _ _ _ _ _ _ _ _ _ _ _ _ _ _ _ _ _ _ _ _ _ _ _ _ _ _ _ _ _ _ _ _ _ _ _ _ _ _ _ _ _ _ _ _ \n\nself = <selenium.webdriver.remote.errorhandler.ErrorHandler object at 0x0000029B0DE7C610>\nresponse = {'status': 404, 'value': '{\"value\":{\"error\":\"no such element\",\"message\":\"no such element: Unable to locate element: {\\...07FF6D2112F9F]\\\\n\\\\tBaseThreadInitThunk [0x00007FFCE4457344+20]\\\\n\\\\tRtlUserThreadStart [0x00007FFCE48826B1+33]\\\\n\"}}'}\n\n    def check_response(self, response: Dict[str, Any]) -> None:\n        \"\"\"Checks that a JSON response from the WebDriver does not have an\n        error.\n    \n        :Args:\n         - response - The JSON response from the WebDriver server as a dictionary\n           object.\n    \n        :Raises: If the response contains an error message.\n        \"\"\"\n        status = response.get(\"status\", None)\n        if not status or status == ErrorCode.SUCCESS:\n            return\n        value = None\n        message = response.get(\"message\", \"\")\n        screen: str = response.get(\"screen\", \"\")\n        stacktrace = None\n        if isinstance(status, int):\n            value_json = response.get(\"value\", None)\n            if value_json and isinstance(value_json, str):\n                import json\n    \n                try:\n                    value = json.loads(value_json)\n                    if len(value) == 1:\n                        value = value[\"value\"]\n                    status = value.get(\"error\", None)\n                    if not status:\n                        status = value.get(\"status\", ErrorCode.UNKNOWN_ERROR)\n                        message = value.get(\"value\") or value.get(\"message\")\n                        if not isinstance(message, str):\n                            value = message\n                            message = message.get(\"message\")\n                    else:\n                        message = value.get(\"message\", None)\n                except ValueError:\n                    pass\n    \n        exception_class: Type[WebDriverException]\n        e = ErrorCode()\n        error_codes = [item for item in dir(e) if not item.startswith(\"__\")]\n        for error_code in error_codes:\n            error_info = getattr(ErrorCode, error_code)\n            if isinstance(error_info, list) and status in error_info:\n                exception_class = getattr(ExceptionMapping, error_code, WebDriverException)\n                break\n        else:\n            exception_class = WebDriverException\n    \n        if not value:\n            value = response[\"value\"]\n        if isinstance(value, str):\n            raise exception_class(value)\n        if message == \"\" and \"message\" in value:\n            message = value[\"message\"]\n    \n        screen = None  # type: ignore[assignment]\n        if \"screen\" in value:\n            screen = value[\"screen\"]\n    \n        stacktrace = None\n        st_value = value.get(\"stackTrace\") or value.get(\"stacktrace\")\n        if st_value:\n            if isinstance(st_value, str):\n                stacktrace = st_value.split(\"\\n\")\n            else:\n                stacktrace = []\n                try:\n                    for frame in st_value:\n                        line = frame.get(\"lineNumber\", \"\")\n                        file = frame.get(\"fileName\", \"<anonymous>\")\n                        if line:\n                            file = f\"{file}:{line}\"\n                        meth = frame.get(\"methodName\", \"<anonymous>\")\n                        if \"className\" in frame:\n                            meth = f\"{frame['className']}.{meth}\"\n                        msg = \"    at %s (%s)\"\n                        msg = msg % (meth, file)\n                        stacktrace.append(msg)\n                except TypeError:\n                    pass\n        if exception_class == UnexpectedAlertPresentException:\n            alert_text = None\n            if \"data\" in value:\n                alert_text = value[\"data\"].get(\"text\")\n            elif \"alert\" in value:\n                alert_text = value[\"alert\"].get(\"text\")\n            raise exception_class(message, screen, stacktrace, alert_text)  # type: ignore[call-arg]  # mypy is not smart enough here\n>       raise exception_class(message, screen, stacktrace)\nE       selenium.common.exceptions.NoSuchElementException: Message: no such element: Unable to locate element: {\"method\":\"css selector\",\"selector\":\".ShowType40-module__content___CWmch\"}\nE         (Session info: chrome=125.0.6422.141); For documentation on this error, please visit: https://www.selenium.dev/documentation/webdriver/troubleshooting/errors#no-such-element-exception\nE       Stacktrace:\nE       \tGetHandleVerifier [0x00007FF6D21A1F52+60322]\nE       \t(No symbol) [0x00007FF6D211CEC9]\nE       \t(No symbol) [0x00007FF6D1FD7EBA]\nE       \t(No symbol) [0x00007FF6D2027676]\nE       \t(No symbol) [0x00007FF6D202773C]\nE       \t(No symbol) [0x00007FF6D206E967]\nE       \t(No symbol) [0x00007FF6D204C25F]\nE       \t(No symbol) [0x00007FF6D206BC80]\nE       \t(No symbol) [0x00007FF6D204BFC3]\nE       \t(No symbol) [0x00007FF6D2019617]\nE       \t(No symbol) [0x00007FF6D201A211]\nE       \tGetHandleVerifier [0x00007FF6D24B94AD+3301629]\nE       \tGetHandleVerifier [0x00007FF6D25036D3+3605283]\nE       \tGetHandleVerifier [0x00007FF6D24F9450+3563680]\nE       \tGetHandleVerifier [0x00007FF6D2254326+790390]\nE       \t(No symbol) [0x00007FF6D212750F]\nE       \t(No symbol) [0x00007FF6D2123404]\nE       \t(No symbol) [0x00007FF6D2123592]\nE       \t(No symbol) [0x00007FF6D2112F9F]\nE       \tBaseThreadInitThunk [0x00007FFCE4457344+20]\nE       \tRtlUserThreadStart [0x00007FFCE48826B1+33]\n\nC:\\Users\\Administrator\\AppData\\Local\\Programs\\Python\\Python311\\Lib\\site-packages\\selenium\\webdriver\\remote\\errorhandler.py:229: NoSuchElementException"}, "steps": [{"name": "初始化", "status": "passed", "parameters": [{"name": "ACCURACY", "value": "0.4"}, {"name": "ROUND", "value": "3"}, {"name": "file_name", "value": "'test.xlsx'"}, {"name": "module_xpath_expression", "value": "'//*[@id=\"root\"]/div/article/main/div/main/article/section[1]/main/div[1]/div'"}], "start": 1717553226362, "stop": 1717553228036}, {"name": "进入测试循环", "status": "broken", "statusDetails": {"message": "selenium.common.exceptions.NoSuchElementException: Message: no such element: Unable to locate element: {\"method\":\"css selector\",\"selector\":\".ShowType40-module__content___CWmch\"}\n  (Session info: chrome=125.0.6422.141); For documentation on this error, please visit: https://www.selenium.dev/documentation/webdriver/troubleshooting/errors#no-such-element-exception\nStacktrace:\n\tGetHandleVerifier [0x00007FF6D21A1F52+60322]\n\t(No symbol) [0x00007FF6D211CEC9]\n\t(No symbol) [0x00007FF6D1FD7EBA]\n\t(No symbol) [0x00007FF6D2027676]\n\t(No symbol) [0x00007FF6D202773C]\n\t(No symbol) [0x00007FF6D206E967]\n\t(No symbol) [0x00007FF6D204C25F]\n\t(No symbol) [0x00007FF6D206BC80]\n\t(No symbol) [0x00007FF6D204BFC3]\n\t(No symbol) [0x00007FF6D2019617]\n\t(No symbol) [0x00007FF6D201A211]\n\tGetHandleVerifier [0x00007FF6D24B94AD+3301629]\n\tGetHandleVerifier [0x00007FF6D25036D3+3605283]\n\tGetHandleVerifier [0x00007FF6D24F9450+3563680]\n\tGetHandleVerifier [0x00007FF6D2254326+790390]\n\t(No symbol) [0x00007FF6D212750F]\n\t(No symbol) [0x00007FF6D2123404]\n\t(No symbol) [0x00007FF6D2123592]\n\t(No symbol) [0x00007FF6D2112F9F]\n\tBaseThreadInitThunk [0x00007FFCE4457344+20]\n\tRtlUserThreadStart [0x00007FFCE48826B1+33]\n\n", "trace": "  File \"C:\\Users\\Administrator\\AppData\\Local\\Programs\\Python\\Python311\\Lib\\site-packages\\allure_commons\\_allure.py\", line 192, in impl\n    return func(*a, **kw)\n           ^^^^^^^^^^^^^^\n  File \"D:\\py\\miaoxiang-web_autotest\\module.py\", line 214, in test_round\n    self.test_get_text_answer()\n  File \"C:\\Users\\Administrator\\AppData\\Local\\Programs\\Python\\Python311\\Lib\\site-packages\\allure_commons\\_allure.py\", line 192, in impl\n    return func(*a, **kw)\n           ^^^^^^^^^^^^^^\n  File \"D:\\py\\miaoxiang-web_autotest\\module.py\", line 169, in test_get_text_answer\n    text_answer = self.driver.find_element(By.CLASS_NAME,text_answer_class_name)\n                  ^^^^^^^^^^^^^^^^^^^^^^^^^^^^^^^^^^^^^^^^^^^^^^^^^^^^^^^^^^^^^^\n  File \"C:\\Users\\Administrator\\AppData\\Local\\Programs\\Python\\Python311\\Lib\\site-packages\\selenium\\webdriver\\remote\\webdriver.py\", line 741, in find_element\n    return self.execute(Command.FIND_ELEMENT, {\"using\": by, \"value\": value})[\"value\"]\n           ^^^^^^^^^^^^^^^^^^^^^^^^^^^^^^^^^^^^^^^^^^^^^^^^^^^^^^^^^^^^^^^^^\n  File \"C:\\Users\\Administrator\\AppData\\Local\\Programs\\Python\\Python311\\Lib\\site-packages\\selenium\\webdriver\\remote\\webdriver.py\", line 347, in execute\n    self.error_handler.check_response(response)\n  File \"C:\\Users\\Administrator\\AppData\\Local\\Programs\\Python\\Python311\\Lib\\site-packages\\selenium\\webdriver\\remote\\errorhandler.py\", line 229, in check_response\n    raise exception_class(message, screen, stacktrace)\n"}, "steps": [{"name": "打开浏览器", "status": "passed", "start": 1717553228036, "stop": 1717553230431}, {"name": "点击侧边栏", "status": "passed", "steps": [{"name": "按键存在断言", "status": "passed", "parameters": [{"name": "key", "value": "<selenium.webdriver.remote.webelement.WebElement (session=\"dd74a22188847049a0c43e5da04ab315\", element=\"f.ED6E7CFF547320B15AC90971938E479B.d.8BF7CF0A5420A74D52736D4838406DE7.e.25\")>"}], "start": 1717553230442, "stop": 1717553231503}], "start": 1717553230431, "stop": 1717553231503}, {"name": "点击妙想助手", "status": "passed", "steps": [{"name": "按键存在断言", "status": "passed", "parameters": [{"name": "key", "value": "<selenium.webdriver.remote.webelement.WebElement (session=\"dd74a22188847049a0c43e5da04ab315\", element=\"f.ED6E7CFF547320B15AC90971938E479B.d.8BF7CF0A5420A74D52736D4838406DE7.e.59\")>"}], "start": 1717553231512, "stop": 1717553232542}], "start": 1717553231503, "stop": 1717553232542}, {"name": "点击测试模块", "status": "passed", "steps": [{"name": "按键存在断言", "status": "passed", "parameters": [{"name": "key", "value": "<selenium.webdriver.remote.webelement.WebElement (session=\"dd74a22188847049a0c43e5da04ab315\", element=\"f.ED6E7CFF547320B15AC90971938E479B.d.8BF7CF0A5420A74D52736D4838406DE7.e.78\")>"}], "start": 1717553232552, "stop": 1717553233574}], "parameters": [{"name": "module_key", "value": "<selenium.webdriver.remote.webelement.WebElement (session=\"dd74a22188847049a0c43e5da04ab315\", element=\"f.ED6E7CFF547320B15AC90971938E479B.d.8BF7CF0A5420A74D52736D4838406DE7.e.78\")>"}], "start": 1717553232552, "stop": 1717553233574}, {"name": "点击随机推荐问题", "status": "passed", "steps": [{"name": "按键存在断言", "status": "passed", "parameters": [{"name": "key", "value": "<selenium.webdriver.remote.webelement.WebElement (session=\"dd74a22188847049a0c43e5da04ab315\", element=\"f.ED6E7CFF547320B15AC90971938E479B.d.8BF7CF0A5420A74D52736D4838406DE7.e.90\")>"}], "start": 1717553233601, "stop": 1717553234636}], "start": 1717553233574, "stop": 1717553234636}, {"name": "爬取输入框问题", "status": "passed", "start": 1717553234636, "stop": 1717553234651}, {"name": "点击发送按钮", "status": "passed", "steps": [{"name": "按键存在断言", "status": "passed", "parameters": [{"name": "key", "value": "<selenium.webdriver.remote.webelement.WebElement (session=\"dd74a22188847049a0c43e5da04ab315\", element=\"f.ED6E7CFF547320B15AC90971938E479B.d.8BF7CF0A5420A74D52736D4838406DE7.e.93\")>"}], "start": 1717553234659, "stop": 1717553235703}], "start": 1717553234651, "stop": 1717553255703}, {"name": "爬取前端回答", "status": "passed", "start": 1717553255703, "stop": 1717553255725}, {"name": "比对问题回答的相似度", "status": "passed", "steps": [{"name": "结果精确度断言", "status": "passed", "parameters": [{"name": "Accuracy", "value": "0.6666666666666666"}], "start": 1717553256225, "stop": 1717553256225}], "start": 1717553255725, "stop": 1717553256225}, {"name": "点击侧边栏", "status": "passed", "steps": [{"name": "按键存在断言", "status": "passed", "parameters": [{"name": "key", "value": "<selenium.webdriver.remote.webelement.WebElement (session=\"dd74a22188847049a0c43e5da04ab315\", element=\"f.ED6E7CFF547320B15AC90971938E479B.d.8BF7CF0A5420A74D52736D4838406DE7.e.25\")>"}], "start": 1717553256246, "stop": 1717553257374}], "start": 1717553256225, "stop": 1717553257374}, {"name": "点击妙想助手", "status": "passed", "steps": [{"name": "按键存在断言", "status": "passed", "parameters": [{"name": "key", "value": "<selenium.webdriver.remote.webelement.WebElement (session=\"dd74a22188847049a0c43e5da04ab315\", element=\"f.ED6E7CFF547320B15AC90971938E479B.d.8BF7CF0A5420A74D52736D4838406DE7.e.59\")>"}], "start": 1717553257413, "stop": 1717553258489}], "start": 1717553257374, "stop": 1717553258489}, {"name": "点击测试模块", "status": "passed", "steps": [{"name": "按键存在断言", "status": "passed", "parameters": [{"name": "key", "value": "<selenium.webdriver.remote.webelement.WebElement (session=\"dd74a22188847049a0c43e5da04ab315\", element=\"f.ED6E7CFF547320B15AC90971938E479B.d.8BF7CF0A5420A74D52736D4838406DE7.e.137\")>"}], "start": 1717553258498, "stop": 1717553259521}], "parameters": [{"name": "module_key", "value": "<selenium.webdriver.remote.webelement.WebElement (session=\"dd74a22188847049a0c43e5da04ab315\", element=\"f.ED6E7CFF547320B15AC90971938E479B.d.8BF7CF0A5420A74D52736D4838406DE7.e.137\")>"}], "start": 1717553258498, "stop": 1717553259521}, {"name": "点击随机推荐问题", "status": "passed", "steps": [{"name": "按键存在断言", "status": "passed", "parameters": [{"name": "key", "value": "<selenium.webdriver.remote.webelement.WebElement (session=\"dd74a22188847049a0c43e5da04ab315\", element=\"f.ED6E7CFF547320B15AC90971938E479B.d.8BF7CF0A5420A74D52736D4838406DE7.e.149\")>"}], "start": 1717553259537, "stop": 1717553260573}], "start": 1717553259521, "stop": 1717553260573}, {"name": "爬取输入框问题", "status": "passed", "start": 1717553260573, "stop": 1717553260619}, {"name": "点击发送按钮", "status": "passed", "steps": [{"name": "按键存在断言", "status": "passed", "parameters": [{"name": "key", "value": "<selenium.webdriver.remote.webelement.WebElement (session=\"dd74a22188847049a0c43e5da04ab315\", element=\"f.ED6E7CFF547320B15AC90971938E479B.d.8BF7CF0A5420A74D52736D4838406DE7.e.153\")>"}], "start": 1717553260626, "stop": 1717553261687}], "start": 1717553260619, "stop": 1717553281686}, {"name": "爬取前端回答", "status": "broken", "statusDetails": {"message": "selenium.common.exceptions.NoSuchElementException: Message: no such element: Unable to locate element: {\"method\":\"css selector\",\"selector\":\".ShowType40-module__content___CWmch\"}\n  (Session info: chrome=125.0.6422.141); For documentation on this error, please visit: https://www.selenium.dev/documentation/webdriver/troubleshooting/errors#no-such-element-exception\nStacktrace:\n\tGetHandleVerifier [0x00007FF6D21A1F52+60322]\n\t(No symbol) [0x00007FF6D211CEC9]\n\t(No symbol) [0x00007FF6D1FD7EBA]\n\t(No symbol) [0x00007FF6D2027676]\n\t(No symbol) [0x00007FF6D202773C]\n\t(No symbol) [0x00007FF6D206E967]\n\t(No symbol) [0x00007FF6D204C25F]\n\t(No symbol) [0x00007FF6D206BC80]\n\t(No symbol) [0x00007FF6D204BFC3]\n\t(No symbol) [0x00007FF6D2019617]\n\t(No symbol) [0x00007FF6D201A211]\n\tGetHandleVerifier [0x00007FF6D24B94AD+3301629]\n\tGetHandleVerifier [0x00007FF6D25036D3+3605283]\n\tGetHandleVerifier [0x00007FF6D24F9450+3563680]\n\tGetHandleVerifier [0x00007FF6D2254326+790390]\n\t(No symbol) [0x00007FF6D212750F]\n\t(No symbol) [0x00007FF6D2123404]\n\t(No symbol) [0x00007FF6D2123592]\n\t(No symbol) [0x00007FF6D2112F9F]\n\tBaseThreadInitThunk [0x00007FFCE4457344+20]\n\tRtlUserThreadStart [0x00007FFCE48826B1+33]\n\n", "trace": "  File \"C:\\Users\\Administrator\\AppData\\Local\\Programs\\Python\\Python311\\Lib\\site-packages\\allure_commons\\_allure.py\", line 192, in impl\n    return func(*a, **kw)\n           ^^^^^^^^^^^^^^\n  File \"D:\\py\\miaoxiang-web_autotest\\module.py\", line 169, in test_get_text_answer\n    text_answer = self.driver.find_element(By.CLASS_NAME,text_answer_class_name)\n                  ^^^^^^^^^^^^^^^^^^^^^^^^^^^^^^^^^^^^^^^^^^^^^^^^^^^^^^^^^^^^^^\n  File \"C:\\Users\\Administrator\\AppData\\Local\\Programs\\Python\\Python311\\Lib\\site-packages\\selenium\\webdriver\\remote\\webdriver.py\", line 741, in find_element\n    return self.execute(Command.FIND_ELEMENT, {\"using\": by, \"value\": value})[\"value\"]\n           ^^^^^^^^^^^^^^^^^^^^^^^^^^^^^^^^^^^^^^^^^^^^^^^^^^^^^^^^^^^^^^^^^\n  File \"C:\\Users\\Administrator\\AppData\\Local\\Programs\\Python\\Python311\\Lib\\site-packages\\selenium\\webdriver\\remote\\webdriver.py\", line 347, in execute\n    self.error_handler.check_response(response)\n  File \"C:\\Users\\Administrator\\AppData\\Local\\Programs\\Python\\Python311\\Lib\\site-packages\\selenium\\webdriver\\remote\\errorhandler.py\", line 229, in check_response\n    raise exception_class(message, screen, stacktrace)\n"}, "start": 1717553281686, "stop": 1717553281697}], "start": 1717553228036, "stop": 1717553281699}], "attachments": [{"name": "log", "source": "ca431684-582a-4596-a6bc-7b5696818c20-attachment.txt", "type": "text/plain"}, {"name": "stdout", "source": "2124c2ac-55ae-40fb-a7b9-5365f8df34be-attachment.txt", "type": "text/plain"}, {"name": "stderr", "source": "4a0ecbca-f21c-4829-89f0-184204abd8e7-attachment.txt", "type": "text/plain"}], "start": 1717553226362, "stop": 1717553281700, "uuid": "65e8c26e-5068-4d88-9c69-505bddc1dfc9", "historyId": "cd9c3fb6661bdbabdeb2ab615dd49c03", "testCaseId": "cd9c3fb6661bdbabdeb2ab615dd49c03", "fullName": "test_miaoxiang_auto#test_a", "labels": [{"name": "suite", "value": "test_miaoxiang_auto"}, {"name": "host", "value": "EM-20231030LLED"}, {"name": "thread", "value": "10944-MainThread"}, {"name": "framework", "value": "pytest"}, {"name": "language", "value": "cpython3"}, {"name": "package", "value": "test_miaoxiang_auto"}]}