{"name": "test_a", "status": "broken", "statusDetails": {"message": "selenium.common.exceptions.NoSuchElementException: Message: no such element: Unable to locate element: {\"method\":\"css selector\",\"selector\":\".ShowType40-module__content___CWmch\"}\n  (Session info: chrome=126.0.6478.62); For documentation on this error, please visit: https://www.selenium.dev/documentation/webdriver/troubleshooting/errors#no-such-element-exception\nStacktrace:\n\tGetHandleVerifier [0x00007FF66BAD3E42+31618]\n\t(No symbol) [0x00007FF66BA4B0A9]\n\t(No symbol) [0x00007FF66B90888A]\n\t(No symbol) [0x00007FF66B958524]\n\t(No symbol) [0x00007FF66B95862C]\n\t(No symbol) [0x00007FF66B99F787]\n\t(No symbol) [0x00007FF66B97D14F]\n\t(No symbol) [0x00007FF66B99CA80]\n\t(No symbol) [0x00007FF66B97CEB3]\n\t(No symbol) [0x00007FF66B94A46B]\n\t(No symbol) [0x00007FF66B94B001]\n\tGetHandleVerifier [0x00007FF66BDDA01D+3202397]\n\tGetHandleVerifier [0x00007FF66BE26A3D+3516285]\n\tGetHandleVerifier [0x00007FF66BE1C4B0+3473904]\n\tGetHandleVerifier [0x00007FF66BB85D46+760454]\n\t(No symbol) [0x00007FF66BA56B4F]\n\t(No symbol) [0x00007FF66BA51CE4]\n\t(No symbol) [0x00007FF66BA51E72]\n\t(No symbol) [0x00007FF66BA4121F]\n\tBaseThreadInitThunk [0x00007FFA8F647344+20]\n\tRtlUserThreadStart [0x00007FFA8FA9CC91+33]", "trace": "def test_a():\n        global thread\n        a = miaoxiang(0.4,3,'test.xlsx','//*[@id=\"root\"]/div/article/main/div/main/article/section[1]/main/div[2]/div','question.xlsx')\n>       a.test_round_2()\n\ntest_miaoxiang_auto.py:9: \n_ _ _ _ _ _ _ _ _ _ _ _ _ _ _ _ _ _ _ _ _ _ _ _ _ _ _ _ _ _ _ _ _ _ _ _ _ _ _ _ _ _ _ _ _ _ _ _ _ _ _ _ _ _ _ _ _ _ _ _ _ _ _ _ _ _ _ _ _ _ _ _ _ _ _ _ _ _ _ _ _ _ _ _ _ _ _ _ _ _ _ _ _ _ _ _ _ _ _ _ _ _ _ _ _ _ _ _ _ _ _ _ _ _ _ _ _ _ \nmodule.py:273: in test_round_2\n    self.test_get_text_answer()\nmodule.py:193: in test_get_text_answer\n    text_answer = self.driver.find_element(By.CLASS_NAME,text_answer_class_name)\nC:\\Users\\Administrator\\AppData\\Local\\Programs\\Python\\Python311\\Lib\\site-packages\\selenium\\webdriver\\remote\\webdriver.py:741: in find_element\n    return self.execute(Command.FIND_ELEMENT, {\"using\": by, \"value\": value})[\"value\"]\nC:\\Users\\Administrator\\AppData\\Local\\Programs\\Python\\Python311\\Lib\\site-packages\\selenium\\webdriver\\remote\\webdriver.py:347: in execute\n    self.error_handler.check_response(response)\n_ _ _ _ _ _ _ _ _ _ _ _ _ _ _ _ _ _ _ _ _ _ _ _ _ _ _ _ _ _ _ _ _ _ _ _ _ _ _ _ _ _ _ _ _ _ _ _ _ _ _ _ _ _ _ _ _ _ _ _ _ _ _ _ _ _ _ _ _ _ _ _ _ _ _ _ _ _ _ _ _ _ _ _ _ _ _ _ _ _ _ _ _ _ _ _ _ _ _ _ _ _ _ _ _ _ _ _ _ _ _ _ _ _ _ _ _ _ \n\nself = <selenium.webdriver.remote.errorhandler.ErrorHandler object at 0x0000021B97D814D0>\nresponse = {'status': 404, 'value': '{\"value\":{\"error\":\"no such element\",\"message\":\"no such element: Unable to locate element: {\\...07FF66BA4121F]\\\\n\\\\tBaseThreadInitThunk [0x00007FFA8F647344+20]\\\\n\\\\tRtlUserThreadStart [0x00007FFA8FA9CC91+33]\\\\n\"}}'}\n\n    def check_response(self, response: Dict[str, Any]) -> None:\n        \"\"\"Checks that a JSON response from the WebDriver does not have an\n        error.\n    \n        :Args:\n         - response - The JSON response from the WebDriver server as a dictionary\n           object.\n    \n        :Raises: If the response contains an error message.\n        \"\"\"\n        status = response.get(\"status\", None)\n        if not status or status == ErrorCode.SUCCESS:\n            return\n        value = None\n        message = response.get(\"message\", \"\")\n        screen: str = response.get(\"screen\", \"\")\n        stacktrace = None\n        if isinstance(status, int):\n            value_json = response.get(\"value\", None)\n            if value_json and isinstance(value_json, str):\n                import json\n    \n                try:\n                    value = json.loads(value_json)\n                    if len(value) == 1:\n                        value = value[\"value\"]\n                    status = value.get(\"error\", None)\n                    if not status:\n                        status = value.get(\"status\", ErrorCode.UNKNOWN_ERROR)\n                        message = value.get(\"value\") or value.get(\"message\")\n                        if not isinstance(message, str):\n                            value = message\n                            message = message.get(\"message\")\n                    else:\n                        message = value.get(\"message\", None)\n                except ValueError:\n                    pass\n    \n        exception_class: Type[WebDriverException]\n        e = ErrorCode()\n        error_codes = [item for item in dir(e) if not item.startswith(\"__\")]\n        for error_code in error_codes:\n            error_info = getattr(ErrorCode, error_code)\n            if isinstance(error_info, list) and status in error_info:\n                exception_class = getattr(ExceptionMapping, error_code, WebDriverException)\n                break\n        else:\n            exception_class = WebDriverException\n    \n        if not value:\n            value = response[\"value\"]\n        if isinstance(value, str):\n            raise exception_class(value)\n        if message == \"\" and \"message\" in value:\n            message = value[\"message\"]\n    \n        screen = None  # type: ignore[assignment]\n        if \"screen\" in value:\n            screen = value[\"screen\"]\n    \n        stacktrace = None\n        st_value = value.get(\"stackTrace\") or value.get(\"stacktrace\")\n        if st_value:\n            if isinstance(st_value, str):\n                stacktrace = st_value.split(\"\\n\")\n            else:\n                stacktrace = []\n                try:\n                    for frame in st_value:\n                        line = frame.get(\"lineNumber\", \"\")\n                        file = frame.get(\"fileName\", \"<anonymous>\")\n                        if line:\n                            file = f\"{file}:{line}\"\n                        meth = frame.get(\"methodName\", \"<anonymous>\")\n                        if \"className\" in frame:\n                            meth = f\"{frame['className']}.{meth}\"\n                        msg = \"    at %s (%s)\"\n                        msg = msg % (meth, file)\n                        stacktrace.append(msg)\n                except TypeError:\n                    pass\n        if exception_class == UnexpectedAlertPresentException:\n            alert_text = None\n            if \"data\" in value:\n                alert_text = value[\"data\"].get(\"text\")\n            elif \"alert\" in value:\n                alert_text = value[\"alert\"].get(\"text\")\n            raise exception_class(message, screen, stacktrace, alert_text)  # type: ignore[call-arg]  # mypy is not smart enough here\n>       raise exception_class(message, screen, stacktrace)\nE       selenium.common.exceptions.NoSuchElementException: Message: no such element: Unable to locate element: {\"method\":\"css selector\",\"selector\":\".ShowType40-module__content___CWmch\"}\nE         (Session info: chrome=126.0.6478.62); For documentation on this error, please visit: https://www.selenium.dev/documentation/webdriver/troubleshooting/errors#no-such-element-exception\nE       Stacktrace:\nE       \tGetHandleVerifier [0x00007FF66BAD3E42+31618]\nE       \t(No symbol) [0x00007FF66BA4B0A9]\nE       \t(No symbol) [0x00007FF66B90888A]\nE       \t(No symbol) [0x00007FF66B958524]\nE       \t(No symbol) [0x00007FF66B95862C]\nE       \t(No symbol) [0x00007FF66B99F787]\nE       \t(No symbol) [0x00007FF66B97D14F]\nE       \t(No symbol) [0x00007FF66B99CA80]\nE       \t(No symbol) [0x00007FF66B97CEB3]\nE       \t(No symbol) [0x00007FF66B94A46B]\nE       \t(No symbol) [0x00007FF66B94B001]\nE       \tGetHandleVerifier [0x00007FF66BDDA01D+3202397]\nE       \tGetHandleVerifier [0x00007FF66BE26A3D+3516285]\nE       \tGetHandleVerifier [0x00007FF66BE1C4B0+3473904]\nE       \tGetHandleVerifier [0x00007FF66BB85D46+760454]\nE       \t(No symbol) [0x00007FF66BA56B4F]\nE       \t(No symbol) [0x00007FF66BA51CE4]\nE       \t(No symbol) [0x00007FF66BA51E72]\nE       \t(No symbol) [0x00007FF66BA4121F]\nE       \tBaseThreadInitThunk [0x00007FFA8F647344+20]\nE       \tRtlUserThreadStart [0x00007FFA8FA9CC91+33]\n\nC:\\Users\\Administrator\\AppData\\Local\\Programs\\Python\\Python311\\Lib\\site-packages\\selenium\\webdriver\\remote\\errorhandler.py:229: NoSuchElementException"}, "steps": [{"name": "初始化", "status": "passed", "parameters": [{"name": "ACCURACY", "value": "0.4"}, {"name": "ROUND", "value": "3"}, {"name": "answer_file_name", "value": "'test.xlsx'"}, {"name": "module_xpath_expression", "value": "'//*[@id=\"root\"]/div/article/main/div/main/article/section[1]/main/div[2]/div'"}, {"name": "question_file_name", "value": "'question.xlsx'"}], "start": 1718855864073, "stop": 1718855865741}, {"name": "进入测试循环2", "status": "broken", "statusDetails": {"message": "selenium.common.exceptions.NoSuchElementException: Message: no such element: Unable to locate element: {\"method\":\"css selector\",\"selector\":\".ShowType40-module__content___CWmch\"}\n  (Session info: chrome=126.0.6478.62); For documentation on this error, please visit: https://www.selenium.dev/documentation/webdriver/troubleshooting/errors#no-such-element-exception\nStacktrace:\n\tGetHandleVerifier [0x00007FF66BAD3E42+31618]\n\t(No symbol) [0x00007FF66BA4B0A9]\n\t(No symbol) [0x00007FF66B90888A]\n\t(No symbol) [0x00007FF66B958524]\n\t(No symbol) [0x00007FF66B95862C]\n\t(No symbol) [0x00007FF66B99F787]\n\t(No symbol) [0x00007FF66B97D14F]\n\t(No symbol) [0x00007FF66B99CA80]\n\t(No symbol) [0x00007FF66B97CEB3]\n\t(No symbol) [0x00007FF66B94A46B]\n\t(No symbol) [0x00007FF66B94B001]\n\tGetHandleVerifier [0x00007FF66BDDA01D+3202397]\n\tGetHandleVerifier [0x00007FF66BE26A3D+3516285]\n\tGetHandleVerifier [0x00007FF66BE1C4B0+3473904]\n\tGetHandleVerifier [0x00007FF66BB85D46+760454]\n\t(No symbol) [0x00007FF66BA56B4F]\n\t(No symbol) [0x00007FF66BA51CE4]\n\t(No symbol) [0x00007FF66BA51E72]\n\t(No symbol) [0x00007FF66BA4121F]\n\tBaseThreadInitThunk [0x00007FFA8F647344+20]\n\tRtlUserThreadStart [0x00007FFA8FA9CC91+33]\n\n", "trace": "  File \"C:\\Users\\Administrator\\AppData\\Local\\Programs\\Python\\Python311\\Lib\\site-packages\\allure_commons\\_allure.py\", line 192, in impl\n    return func(*a, **kw)\n           ^^^^^^^^^^^^^^\n  File \"D:\\py\\miaoxiang-web_autotest\\module.py\", line 273, in test_round_2\n    self.test_get_text_answer()\n  File \"C:\\Users\\Administrator\\AppData\\Local\\Programs\\Python\\Python311\\Lib\\site-packages\\allure_commons\\_allure.py\", line 192, in impl\n    return func(*a, **kw)\n           ^^^^^^^^^^^^^^\n  File \"D:\\py\\miaoxiang-web_autotest\\module.py\", line 193, in test_get_text_answer\n    text_answer = self.driver.find_element(By.CLASS_NAME,text_answer_class_name)\n                  ^^^^^^^^^^^^^^^^^^^^^^^^^^^^^^^^^^^^^^^^^^^^^^^^^^^^^^^^^^^^^^\n  File \"C:\\Users\\Administrator\\AppData\\Local\\Programs\\Python\\Python311\\Lib\\site-packages\\selenium\\webdriver\\remote\\webdriver.py\", line 741, in find_element\n    return self.execute(Command.FIND_ELEMENT, {\"using\": by, \"value\": value})[\"value\"]\n           ^^^^^^^^^^^^^^^^^^^^^^^^^^^^^^^^^^^^^^^^^^^^^^^^^^^^^^^^^^^^^^^^^\n  File \"C:\\Users\\Administrator\\AppData\\Local\\Programs\\Python\\Python311\\Lib\\site-packages\\selenium\\webdriver\\remote\\webdriver.py\", line 347, in execute\n    self.error_handler.check_response(response)\n  File \"C:\\Users\\Administrator\\AppData\\Local\\Programs\\Python\\Python311\\Lib\\site-packages\\selenium\\webdriver\\remote\\errorhandler.py\", line 229, in check_response\n    raise exception_class(message, screen, stacktrace)\n"}, "steps": [{"name": "打开浏览器", "status": "passed", "start": 1718855865742, "stop": 1718855868121}, {"name": "点击侧边栏", "status": "passed", "steps": [{"name": "按键存在断言", "status": "passed", "parameters": [{"name": "key", "value": "<selenium.webdriver.remote.webelement.WebElement (session=\"52c14a3b506eb0c8abe9b073573062ec\", element=\"f.F4A5F22E2DE5B3065B6FFCF4D990E6F8.d.86C76916F058042AFBDCBF84D9B84D48.e.25\")>"}], "start": 1718855868132, "stop": 1718855869187}], "start": 1718855868121, "stop": 1718855869187}, {"name": "点击妙想助手", "status": "passed", "steps": [{"name": "按键存在断言", "status": "passed", "parameters": [{"name": "key", "value": "<selenium.webdriver.remote.webelement.WebElement (session=\"52c14a3b506eb0c8abe9b073573062ec\", element=\"f.F4A5F22E2DE5B3065B6FFCF4D990E6F8.d.86C76916F058042AFBDCBF84D9B84D48.e.39\")>"}], "start": 1718855869203, "stop": 1718855870237}], "start": 1718855869187, "stop": 1718855870237}, {"name": "点击测试模块", "status": "passed", "steps": [{"name": "按键存在断言", "status": "passed", "parameters": [{"name": "key", "value": "<selenium.webdriver.remote.webelement.WebElement (session=\"52c14a3b506eb0c8abe9b073573062ec\", element=\"f.F4A5F22E2DE5B3065B6FFCF4D990E6F8.d.86C76916F058042AFBDCBF84D9B84D48.e.76\")>"}], "start": 1718855870246, "stop": 1718855871269}], "parameters": [{"name": "module_key", "value": "<selenium.webdriver.remote.webelement.WebElement (session=\"52c14a3b506eb0c8abe9b073573062ec\", element=\"f.F4A5F22E2DE5B3065B6FFCF4D990E6F8.d.86C76916F058042AFBDCBF84D9B84D48.e.76\")>"}], "start": 1718855870245, "stop": 1718855871269}, {"name": "提取表格内提问", "status": "passed", "start": 1718855871269, "stop": 1718855871299}, {"name": "问题输入网页placeholder", "status": "passed", "steps": [{"name": "提取表格内提问", "status": "passed", "start": 1718855871299, "stop": 1718855871311}, {"name": "按键存在断言", "status": "passed", "parameters": [{"name": "key", "value": "<selenium.webdriver.remote.webelement.WebElement (session=\"52c14a3b506eb0c8abe9b073573062ec\", element=\"f.F4A5F22E2DE5B3065B6FFCF4D990E6F8.d.86C76916F058042AFBDCBF84D9B84D48.e.77\")>"}], "start": 1718855871321, "stop": 1718855872342}], "start": 1718855871299, "stop": 1718855872392}, {"name": "爬取输入框问题", "status": "passed", "start": 1718855872392, "stop": 1718855872408}, {"name": "点击发送按钮", "status": "passed", "steps": [{"name": "按键存在断言", "status": "passed", "parameters": [{"name": "key", "value": "<selenium.webdriver.remote.webelement.WebElement (session=\"52c14a3b506eb0c8abe9b073573062ec\", element=\"f.F4A5F22E2DE5B3065B6FFCF4D990E6F8.d.86C76916F058042AFBDCBF84D9B84D48.e.89\")>"}], "start": 1718855872415, "stop": 1718855873458}], "start": 1718855872408, "stop": 1718855893459}, {"name": "爬取前端回答", "status": "passed", "start": 1718855893459, "stop": 1718855893480}, {"name": "比对问题回答的相似度", "status": "passed", "steps": [{"name": "结果精确度断言", "status": "passed", "parameters": [{"name": "Accuracy", "value": "1.0"}], "start": 1718855893972, "stop": 1718855893972}], "start": 1718855893480, "stop": 1718855893972}, {"name": "点击侧边栏", "status": "passed", "steps": [{"name": "按键存在断言", "status": "passed", "parameters": [{"name": "key", "value": "<selenium.webdriver.remote.webelement.WebElement (session=\"52c14a3b506eb0c8abe9b073573062ec\", element=\"f.F4A5F22E2DE5B3065B6FFCF4D990E6F8.d.86C76916F058042AFBDCBF84D9B84D48.e.25\")>"}], "start": 1718855893982, "stop": 1718855895091}], "start": 1718855893972, "stop": 1718855895091}, {"name": "点击妙想助手", "status": "passed", "steps": [{"name": "按键存在断言", "status": "passed", "parameters": [{"name": "key", "value": "<selenium.webdriver.remote.webelement.WebElement (session=\"52c14a3b506eb0c8abe9b073573062ec\", element=\"f.F4A5F22E2DE5B3065B6FFCF4D990E6F8.d.86C76916F058042AFBDCBF84D9B84D48.e.39\")>"}], "start": 1718855895102, "stop": 1718855896171}], "start": 1718855895091, "stop": 1718855896171}, {"name": "点击测试模块", "status": "passed", "steps": [{"name": "按键存在断言", "status": "passed", "parameters": [{"name": "key", "value": "<selenium.webdriver.remote.webelement.WebElement (session=\"52c14a3b506eb0c8abe9b073573062ec\", element=\"f.F4A5F22E2DE5B3065B6FFCF4D990E6F8.d.86C76916F058042AFBDCBF84D9B84D48.e.146\")>"}], "start": 1718855896181, "stop": 1718855897205}], "parameters": [{"name": "module_key", "value": "<selenium.webdriver.remote.webelement.WebElement (session=\"52c14a3b506eb0c8abe9b073573062ec\", element=\"f.F4A5F22E2DE5B3065B6FFCF4D990E6F8.d.86C76916F058042AFBDCBF84D9B84D48.e.146\")>"}], "start": 1718855896181, "stop": 1718855897205}, {"name": "提取表格内提问", "status": "passed", "start": 1718855897205, "stop": 1718855897221}, {"name": "问题输入网页placeholder", "status": "passed", "steps": [{"name": "提取表格内提问", "status": "passed", "start": 1718855897221, "stop": 1718855897232}, {"name": "按键存在断言", "status": "passed", "parameters": [{"name": "key", "value": "<selenium.webdriver.remote.webelement.WebElement (session=\"52c14a3b506eb0c8abe9b073573062ec\", element=\"f.F4A5F22E2DE5B3065B6FFCF4D990E6F8.d.86C76916F058042AFBDCBF84D9B84D48.e.147\")>"}], "start": 1718855897241, "stop": 1718855898262}], "start": 1718855897221, "stop": 1718855898310}, {"name": "爬取输入框问题", "status": "passed", "start": 1718855898310, "stop": 1718855898332}, {"name": "点击发送按钮", "status": "passed", "steps": [{"name": "按键存在断言", "status": "passed", "parameters": [{"name": "key", "value": "<selenium.webdriver.remote.webelement.WebElement (session=\"52c14a3b506eb0c8abe9b073573062ec\", element=\"f.F4A5F22E2DE5B3065B6FFCF4D990E6F8.d.86C76916F058042AFBDCBF84D9B84D48.e.159\")>"}], "start": 1718855898340, "stop": 1718855899400}], "start": 1718855898332, "stop": 1718855919401}, {"name": "爬取前端回答", "status": "broken", "statusDetails": {"message": "selenium.common.exceptions.NoSuchElementException: Message: no such element: Unable to locate element: {\"method\":\"css selector\",\"selector\":\".ShowType40-module__content___CWmch\"}\n  (Session info: chrome=126.0.6478.62); For documentation on this error, please visit: https://www.selenium.dev/documentation/webdriver/troubleshooting/errors#no-such-element-exception\nStacktrace:\n\tGetHandleVerifier [0x00007FF66BAD3E42+31618]\n\t(No symbol) [0x00007FF66BA4B0A9]\n\t(No symbol) [0x00007FF66B90888A]\n\t(No symbol) [0x00007FF66B958524]\n\t(No symbol) [0x00007FF66B95862C]\n\t(No symbol) [0x00007FF66B99F787]\n\t(No symbol) [0x00007FF66B97D14F]\n\t(No symbol) [0x00007FF66B99CA80]\n\t(No symbol) [0x00007FF66B97CEB3]\n\t(No symbol) [0x00007FF66B94A46B]\n\t(No symbol) [0x00007FF66B94B001]\n\tGetHandleVerifier [0x00007FF66BDDA01D+3202397]\n\tGetHandleVerifier [0x00007FF66BE26A3D+3516285]\n\tGetHandleVerifier [0x00007FF66BE1C4B0+3473904]\n\tGetHandleVerifier [0x00007FF66BB85D46+760454]\n\t(No symbol) [0x00007FF66BA56B4F]\n\t(No symbol) [0x00007FF66BA51CE4]\n\t(No symbol) [0x00007FF66BA51E72]\n\t(No symbol) [0x00007FF66BA4121F]\n\tBaseThreadInitThunk [0x00007FFA8F647344+20]\n\tRtlUserThreadStart [0x00007FFA8FA9CC91+33]\n\n", "trace": "  File \"C:\\Users\\Administrator\\AppData\\Local\\Programs\\Python\\Python311\\Lib\\site-packages\\allure_commons\\_allure.py\", line 192, in impl\n    return func(*a, **kw)\n           ^^^^^^^^^^^^^^\n  File \"D:\\py\\miaoxiang-web_autotest\\module.py\", line 193, in test_get_text_answer\n    text_answer = self.driver.find_element(By.CLASS_NAME,text_answer_class_name)\n                  ^^^^^^^^^^^^^^^^^^^^^^^^^^^^^^^^^^^^^^^^^^^^^^^^^^^^^^^^^^^^^^\n  File \"C:\\Users\\Administrator\\AppData\\Local\\Programs\\Python\\Python311\\Lib\\site-packages\\selenium\\webdriver\\remote\\webdriver.py\", line 741, in find_element\n    return self.execute(Command.FIND_ELEMENT, {\"using\": by, \"value\": value})[\"value\"]\n           ^^^^^^^^^^^^^^^^^^^^^^^^^^^^^^^^^^^^^^^^^^^^^^^^^^^^^^^^^^^^^^^^^\n  File \"C:\\Users\\Administrator\\AppData\\Local\\Programs\\Python\\Python311\\Lib\\site-packages\\selenium\\webdriver\\remote\\webdriver.py\", line 347, in execute\n    self.error_handler.check_response(response)\n  File \"C:\\Users\\Administrator\\AppData\\Local\\Programs\\Python\\Python311\\Lib\\site-packages\\selenium\\webdriver\\remote\\errorhandler.py\", line 229, in check_response\n    raise exception_class(message, screen, stacktrace)\n"}, "start": 1718855919401, "stop": 1718855919410}], "start": 1718855865741, "stop": 1718855919414}], "attachments": [{"name": "log", "source": "090d754a-8bcc-4ba6-819e-901d313cf87a-attachment.txt", "type": "text/plain"}, {"name": "stdout", "source": "7ffc196e-4557-4104-98f5-6e1c5454684d-attachment.txt", "type": "text/plain"}, {"name": "stderr", "source": "333498bd-27f9-4814-b4dc-42b8df9966ba-attachment.txt", "type": "text/plain"}], "start": 1718855864073, "stop": 1718855919415, "uuid": "ce9dbcc1-d888-4427-94ba-f2c7c2fa95d8", "historyId": "cd9c3fb6661bdbabdeb2ab615dd49c03", "testCaseId": "cd9c3fb6661bdbabdeb2ab615dd49c03", "fullName": "test_miaoxiang_auto#test_a", "labels": [{"name": "suite", "value": "test_miaoxiang_auto"}, {"name": "host", "value": "EM-20231030LLED"}, {"name": "thread", "value": "10760-MainThread"}, {"name": "framework", "value": "pytest"}, {"name": "language", "value": "cpython3"}, {"name": "package", "value": "test_miaoxiang_auto"}]}