{"name": "test_d", "status": "broken", "statusDetails": {"message": "selenium.common.exceptions.NoSuchElementException: Message: no such element: Unable to locate element: {\"method\":\"xpath\",\"selector\":\"//*[@id=\"root\"]/div/article/aside[1]/aside\"}\n  (Session info: chrome=125.0.6422.141); For documentation on this error, please visit: https://www.selenium.dev/documentation/webdriver/troubleshooting/errors#no-such-element-exception\nStacktrace:\n\tGetHandleVerifier [0x00007FF71E221F52+60322]\n\t(No symbol) [0x00007FF71E19CEC9]\n\t(No symbol) [0x00007FF71E057EBA]\n\t(No symbol) [0x00007FF71E0A7676]\n\t(No symbol) [0x00007FF71E0A773C]\n\t(No symbol) [0x00007FF71E0EE967]\n\t(No symbol) [0x00007FF71E0CC25F]\n\t(No symbol) [0x00007FF71E0EBC80]\n\t(No symbol) [0x00007FF71E0CBFC3]\n\t(No symbol) [0x00007FF71E099617]\n\t(No symbol) [0x00007FF71E09A211]\n\tGetHandleVerifier [0x00007FF71E5394AD+3301629]\n\tGetHandleVerifier [0x00007FF71E5836D3+3605283]\n\tGetHandleVerifier [0x00007FF71E579450+3563680]\n\tGetHandleVerifier [0x00007FF71E2D4326+790390]\n\t(No symbol) [0x00007FF71E1A750F]\n\t(No symbol) [0x00007FF71E1A3404]\n\t(No symbol) [0x00007FF71E1A3592]\n\t(No symbol) [0x00007FF71E192F9F]\n\tBaseThreadInitThunk [0x00007FFCE4457344+20]\n\tRtlUserThreadStart [0x00007FFCE48826B1+33]", "trace": "def test_d():\n        global thread\n        while thread != 3:\n            time.sleep(3)\n        b = miaoxiang(0.4,2,'test.xlsx','//*[@id=\"root\"]/div/article/main/div/main/article/section[2]/main/div[3]/div')\n>       b.test_round()\n\ntest_miaoxiang_auto.py:35: \n_ _ _ _ _ _ _ _ _ _ _ _ _ _ _ _ _ _ _ _ _ _ _ _ _ _ _ _ _ _ _ _ _ _ _ _ _ _ _ _ _ _ _ _ _ _ _ _ _ _ _ _ _ _ _ _ _ _ _ _ _ _ _ _ _ _ _ _ _ _ _ _ _ _ _ _ _ _ _ _ _ _ _ _ _ _ _ _ _ _ _ _ _ _ _ _ _ _ _ _ _ _ _ _ _ _ _ _ _ _ _ _ _ _ _ _ _ _ \nmodule.py:198: in test_round\n    self.test_touch_expand()\nmodule.py:90: in test_touch_expand\n    expandkey = self.driver.find_element(By.XPATH, expandkey_xpath_expression)\nC:\\Users\\Administrator\\AppData\\Local\\Programs\\Python\\Python311\\Lib\\site-packages\\selenium\\webdriver\\remote\\webdriver.py:741: in find_element\n    return self.execute(Command.FIND_ELEMENT, {\"using\": by, \"value\": value})[\"value\"]\nC:\\Users\\Administrator\\AppData\\Local\\Programs\\Python\\Python311\\Lib\\site-packages\\selenium\\webdriver\\remote\\webdriver.py:347: in execute\n    self.error_handler.check_response(response)\n_ _ _ _ _ _ _ _ _ _ _ _ _ _ _ _ _ _ _ _ _ _ _ _ _ _ _ _ _ _ _ _ _ _ _ _ _ _ _ _ _ _ _ _ _ _ _ _ _ _ _ _ _ _ _ _ _ _ _ _ _ _ _ _ _ _ _ _ _ _ _ _ _ _ _ _ _ _ _ _ _ _ _ _ _ _ _ _ _ _ _ _ _ _ _ _ _ _ _ _ _ _ _ _ _ _ _ _ _ _ _ _ _ _ _ _ _ _ \n\nself = <selenium.webdriver.remote.errorhandler.ErrorHandler object at 0x000002590069C890>\nresponse = {'status': 404, 'value': '{\"value\":{\"error\":\"no such element\",\"message\":\"no such element: Unable to locate element: {\\...07FF71E192F9F]\\\\n\\\\tBaseThreadInitThunk [0x00007FFCE4457344+20]\\\\n\\\\tRtlUserThreadStart [0x00007FFCE48826B1+33]\\\\n\"}}'}\n\n    def check_response(self, response: Dict[str, Any]) -> None:\n        \"\"\"Checks that a JSON response from the WebDriver does not have an\n        error.\n    \n        :Args:\n         - response - The JSON response from the WebDriver server as a dictionary\n           object.\n    \n        :Raises: If the response contains an error message.\n        \"\"\"\n        status = response.get(\"status\", None)\n        if not status or status == ErrorCode.SUCCESS:\n            return\n        value = None\n        message = response.get(\"message\", \"\")\n        screen: str = response.get(\"screen\", \"\")\n        stacktrace = None\n        if isinstance(status, int):\n            value_json = response.get(\"value\", None)\n            if value_json and isinstance(value_json, str):\n                import json\n    \n                try:\n                    value = json.loads(value_json)\n                    if len(value) == 1:\n                        value = value[\"value\"]\n                    status = value.get(\"error\", None)\n                    if not status:\n                        status = value.get(\"status\", ErrorCode.UNKNOWN_ERROR)\n                        message = value.get(\"value\") or value.get(\"message\")\n                        if not isinstance(message, str):\n                            value = message\n                            message = message.get(\"message\")\n                    else:\n                        message = value.get(\"message\", None)\n                except ValueError:\n                    pass\n    \n        exception_class: Type[WebDriverException]\n        e = ErrorCode()\n        error_codes = [item for item in dir(e) if not item.startswith(\"__\")]\n        for error_code in error_codes:\n            error_info = getattr(ErrorCode, error_code)\n            if isinstance(error_info, list) and status in error_info:\n                exception_class = getattr(ExceptionMapping, error_code, WebDriverException)\n                break\n        else:\n            exception_class = WebDriverException\n    \n        if not value:\n            value = response[\"value\"]\n        if isinstance(value, str):\n            raise exception_class(value)\n        if message == \"\" and \"message\" in value:\n            message = value[\"message\"]\n    \n        screen = None  # type: ignore[assignment]\n        if \"screen\" in value:\n            screen = value[\"screen\"]\n    \n        stacktrace = None\n        st_value = value.get(\"stackTrace\") or value.get(\"stacktrace\")\n        if st_value:\n            if isinstance(st_value, str):\n                stacktrace = st_value.split(\"\\n\")\n            else:\n                stacktrace = []\n                try:\n                    for frame in st_value:\n                        line = frame.get(\"lineNumber\", \"\")\n                        file = frame.get(\"fileName\", \"<anonymous>\")\n                        if line:\n                            file = f\"{file}:{line}\"\n                        meth = frame.get(\"methodName\", \"<anonymous>\")\n                        if \"className\" in frame:\n                            meth = f\"{frame['className']}.{meth}\"\n                        msg = \"    at %s (%s)\"\n                        msg = msg % (meth, file)\n                        stacktrace.append(msg)\n                except TypeError:\n                    pass\n        if exception_class == UnexpectedAlertPresentException:\n            alert_text = None\n            if \"data\" in value:\n                alert_text = value[\"data\"].get(\"text\")\n            elif \"alert\" in value:\n                alert_text = value[\"alert\"].get(\"text\")\n            raise exception_class(message, screen, stacktrace, alert_text)  # type: ignore[call-arg]  # mypy is not smart enough here\n>       raise exception_class(message, screen, stacktrace)\nE       selenium.common.exceptions.NoSuchElementException: Message: no such element: Unable to locate element: {\"method\":\"xpath\",\"selector\":\"//*[@id=\"root\"]/div/article/aside[1]/aside\"}\nE         (Session info: chrome=125.0.6422.141); For documentation on this error, please visit: https://www.selenium.dev/documentation/webdriver/troubleshooting/errors#no-such-element-exception\nE       Stacktrace:\nE       \tGetHandleVerifier [0x00007FF71E221F52+60322]\nE       \t(No symbol) [0x00007FF71E19CEC9]\nE       \t(No symbol) [0x00007FF71E057EBA]\nE       \t(No symbol) [0x00007FF71E0A7676]\nE       \t(No symbol) [0x00007FF71E0A773C]\nE       \t(No symbol) [0x00007FF71E0EE967]\nE       \t(No symbol) [0x00007FF71E0CC25F]\nE       \t(No symbol) [0x00007FF71E0EBC80]\nE       \t(No symbol) [0x00007FF71E0CBFC3]\nE       \t(No symbol) [0x00007FF71E099617]\nE       \t(No symbol) [0x00007FF71E09A211]\nE       \tGetHandleVerifier [0x00007FF71E5394AD+3301629]\nE       \tGetHandleVerifier [0x00007FF71E5836D3+3605283]\nE       \tGetHandleVerifier [0x00007FF71E579450+3563680]\nE       \tGetHandleVerifier [0x00007FF71E2D4326+790390]\nE       \t(No symbol) [0x00007FF71E1A750F]\nE       \t(No symbol) [0x00007FF71E1A3404]\nE       \t(No symbol) [0x00007FF71E1A3592]\nE       \t(No symbol) [0x00007FF71E192F9F]\nE       \tBaseThreadInitThunk [0x00007FFCE4457344+20]\nE       \tRtlUserThreadStart [0x00007FFCE48826B1+33]\n\nC:\\Users\\Administrator\\AppData\\Local\\Programs\\Python\\Python311\\Lib\\site-packages\\selenium\\webdriver\\remote\\errorhandler.py:229: NoSuchElementException"}, "attachments": [{"name": "stdout", "source": "70b24400-dbc0-4d1c-bc23-139044e86426-attachment.txt", "type": "text/plain"}], "start": 1717480017000, "stop": 1717480020924, "uuid": "a43b1d1e-5209-4e6a-b61f-25d21968af5c", "historyId": "60a2b45fc19f3bcdab6756a2755a5e54", "testCaseId": "60a2b45fc19f3bcdab6756a2755a5e54", "fullName": "test_miaoxiang_auto#test_d", "labels": [{"name": "suite", "value": "test_miaoxiang_auto"}, {"name": "host", "value": "EM-20231030LLED"}, {"name": "thread", "value": "7896-MainThread"}, {"name": "framework", "value": "pytest"}, {"name": "language", "value": "cpython3"}, {"name": "package", "value": "test_miaoxiang_auto"}]}